[2023-03-23T08:15:46.999+0000] {processor.py:153} INFO - Started process (PID=2454) to work on /opt/airflow/dags/DAG_DOSM.py
[2023-03-23T08:15:47.001+0000] {processor.py:743} INFO - Processing file /opt/airflow/dags/DAG_DOSM.py for tasks to queue
[2023-03-23T08:15:47.002+0000] {logging_mixin.py:137} INFO - [2023-03-23T08:15:47.002+0000] {dagbag.py:532} INFO - Filling up the DagBag from /opt/airflow/dags/DAG_DOSM.py
[2023-03-23T08:15:47.052+0000] {logging_mixin.py:137} INFO - [2023-03-23T08:15:47.046+0000] {dagbag.py:341} ERROR - Failed to import: /opt/airflow/dags/DAG_DOSM.py
Traceback (most recent call last):
  File "/home/airflow/.local/lib/python3.7/site-packages/airflow/models/dagbag.py", line 337, in parse
    loader.exec_module(new_module)
  File "<frozen importlib._bootstrap_external>", line 728, in exec_module
  File "<frozen importlib._bootstrap>", line 219, in _call_with_frames_removed
  File "/opt/airflow/dags/DAG_DOSM.py", line 4, in <module>
    from pricecatcher import ingest_pricecatcher_data
ModuleNotFoundError: No module named 'pricecatcher'
[2023-03-23T08:15:47.054+0000] {processor.py:755} WARNING - No viable dags retrieved from /opt/airflow/dags/DAG_DOSM.py
[2023-03-23T08:15:47.078+0000] {processor.py:175} INFO - Processing /opt/airflow/dags/DAG_DOSM.py took 0.083 seconds
[2023-03-23T08:16:17.561+0000] {processor.py:153} INFO - Started process (PID=2504) to work on /opt/airflow/dags/DAG_DOSM.py
[2023-03-23T08:16:17.562+0000] {processor.py:743} INFO - Processing file /opt/airflow/dags/DAG_DOSM.py for tasks to queue
[2023-03-23T08:16:17.562+0000] {logging_mixin.py:137} INFO - [2023-03-23T08:16:17.562+0000] {dagbag.py:532} INFO - Filling up the DagBag from /opt/airflow/dags/DAG_DOSM.py
[2023-03-23T08:16:17.586+0000] {logging_mixin.py:137} INFO - [2023-03-23T08:16:17.582+0000] {dagbag.py:341} ERROR - Failed to import: /opt/airflow/dags/DAG_DOSM.py
Traceback (most recent call last):
  File "/home/airflow/.local/lib/python3.7/site-packages/airflow/models/dagbag.py", line 337, in parse
    loader.exec_module(new_module)
  File "<frozen importlib._bootstrap_external>", line 728, in exec_module
  File "<frozen importlib._bootstrap>", line 219, in _call_with_frames_removed
  File "/opt/airflow/dags/DAG_DOSM.py", line 4, in <module>
    from pricecatcher import ingest_pricecatcher_data
ModuleNotFoundError: No module named 'pricecatcher'
[2023-03-23T08:16:17.588+0000] {processor.py:755} WARNING - No viable dags retrieved from /opt/airflow/dags/DAG_DOSM.py
[2023-03-23T08:16:17.615+0000] {processor.py:175} INFO - Processing /opt/airflow/dags/DAG_DOSM.py took 0.061 seconds
[2023-03-23T08:16:48.303+0000] {processor.py:153} INFO - Started process (PID=2553) to work on /opt/airflow/dags/DAG_DOSM.py
[2023-03-23T08:16:48.305+0000] {processor.py:743} INFO - Processing file /opt/airflow/dags/DAG_DOSM.py for tasks to queue
[2023-03-23T08:16:48.306+0000] {logging_mixin.py:137} INFO - [2023-03-23T08:16:48.306+0000] {dagbag.py:532} INFO - Filling up the DagBag from /opt/airflow/dags/DAG_DOSM.py
[2023-03-23T08:16:48.338+0000] {logging_mixin.py:137} INFO - [2023-03-23T08:16:48.334+0000] {dagbag.py:341} ERROR - Failed to import: /opt/airflow/dags/DAG_DOSM.py
Traceback (most recent call last):
  File "/home/airflow/.local/lib/python3.7/site-packages/airflow/models/dagbag.py", line 337, in parse
    loader.exec_module(new_module)
  File "<frozen importlib._bootstrap_external>", line 728, in exec_module
  File "<frozen importlib._bootstrap>", line 219, in _call_with_frames_removed
  File "/opt/airflow/dags/DAG_DOSM.py", line 4, in <module>
    from pricecatcher import ingest_pricecatcher_data
ModuleNotFoundError: No module named 'pricecatcher'
[2023-03-23T08:16:48.339+0000] {processor.py:755} WARNING - No viable dags retrieved from /opt/airflow/dags/DAG_DOSM.py
[2023-03-23T08:16:48.369+0000] {processor.py:175} INFO - Processing /opt/airflow/dags/DAG_DOSM.py took 0.070 seconds
[2023-03-23T08:17:18.756+0000] {processor.py:153} INFO - Started process (PID=2603) to work on /opt/airflow/dags/DAG_DOSM.py
[2023-03-23T08:17:18.757+0000] {processor.py:743} INFO - Processing file /opt/airflow/dags/DAG_DOSM.py for tasks to queue
[2023-03-23T08:17:18.759+0000] {logging_mixin.py:137} INFO - [2023-03-23T08:17:18.758+0000] {dagbag.py:532} INFO - Filling up the DagBag from /opt/airflow/dags/DAG_DOSM.py
[2023-03-23T08:17:18.784+0000] {logging_mixin.py:137} INFO - [2023-03-23T08:17:18.780+0000] {dagbag.py:341} ERROR - Failed to import: /opt/airflow/dags/DAG_DOSM.py
Traceback (most recent call last):
  File "/home/airflow/.local/lib/python3.7/site-packages/airflow/models/dagbag.py", line 337, in parse
    loader.exec_module(new_module)
  File "<frozen importlib._bootstrap_external>", line 728, in exec_module
  File "<frozen importlib._bootstrap>", line 219, in _call_with_frames_removed
  File "/opt/airflow/dags/DAG_DOSM.py", line 4, in <module>
    from pricecatcher import ingest_pricecatcher_data
ModuleNotFoundError: No module named 'pricecatcher'
[2023-03-23T08:17:18.786+0000] {processor.py:755} WARNING - No viable dags retrieved from /opt/airflow/dags/DAG_DOSM.py
[2023-03-23T08:17:18.810+0000] {processor.py:175} INFO - Processing /opt/airflow/dags/DAG_DOSM.py took 0.058 seconds
[2023-03-23T08:17:49.112+0000] {processor.py:153} INFO - Started process (PID=2653) to work on /opt/airflow/dags/DAG_DOSM.py
[2023-03-23T08:17:49.114+0000] {processor.py:743} INFO - Processing file /opt/airflow/dags/DAG_DOSM.py for tasks to queue
[2023-03-23T08:17:49.115+0000] {logging_mixin.py:137} INFO - [2023-03-23T08:17:49.115+0000] {dagbag.py:532} INFO - Filling up the DagBag from /opt/airflow/dags/DAG_DOSM.py
[2023-03-23T08:17:49.141+0000] {logging_mixin.py:137} INFO - [2023-03-23T08:17:49.137+0000] {dagbag.py:341} ERROR - Failed to import: /opt/airflow/dags/DAG_DOSM.py
Traceback (most recent call last):
  File "/home/airflow/.local/lib/python3.7/site-packages/airflow/models/dagbag.py", line 337, in parse
    loader.exec_module(new_module)
  File "<frozen importlib._bootstrap_external>", line 728, in exec_module
  File "<frozen importlib._bootstrap>", line 219, in _call_with_frames_removed
  File "/opt/airflow/dags/DAG_DOSM.py", line 4, in <module>
    from pricecatcher import ingest_pricecatcher_data
ModuleNotFoundError: No module named 'pricecatcher'
[2023-03-23T08:17:49.143+0000] {processor.py:755} WARNING - No viable dags retrieved from /opt/airflow/dags/DAG_DOSM.py
[2023-03-23T08:17:49.171+0000] {processor.py:175} INFO - Processing /opt/airflow/dags/DAG_DOSM.py took 0.063 seconds
[2023-03-23T08:18:19.701+0000] {processor.py:153} INFO - Started process (PID=2702) to work on /opt/airflow/dags/DAG_DOSM.py
[2023-03-23T08:18:19.702+0000] {processor.py:743} INFO - Processing file /opt/airflow/dags/DAG_DOSM.py for tasks to queue
[2023-03-23T08:18:19.704+0000] {logging_mixin.py:137} INFO - [2023-03-23T08:18:19.703+0000] {dagbag.py:532} INFO - Filling up the DagBag from /opt/airflow/dags/DAG_DOSM.py
[2023-03-23T08:18:19.728+0000] {logging_mixin.py:137} INFO - [2023-03-23T08:18:19.724+0000] {dagbag.py:341} ERROR - Failed to import: /opt/airflow/dags/DAG_DOSM.py
Traceback (most recent call last):
  File "/home/airflow/.local/lib/python3.7/site-packages/airflow/models/dagbag.py", line 337, in parse
    loader.exec_module(new_module)
  File "<frozen importlib._bootstrap_external>", line 728, in exec_module
  File "<frozen importlib._bootstrap>", line 219, in _call_with_frames_removed
  File "/opt/airflow/dags/DAG_DOSM.py", line 4, in <module>
    from pricecatcher import ingest_pricecatcher_data
ModuleNotFoundError: No module named 'pricecatcher'
[2023-03-23T08:18:19.730+0000] {processor.py:755} WARNING - No viable dags retrieved from /opt/airflow/dags/DAG_DOSM.py
[2023-03-23T08:18:19.757+0000] {processor.py:175} INFO - Processing /opt/airflow/dags/DAG_DOSM.py took 0.059 seconds
[2023-03-23T08:18:50.144+0000] {processor.py:153} INFO - Started process (PID=2752) to work on /opt/airflow/dags/DAG_DOSM.py
[2023-03-23T08:18:50.145+0000] {processor.py:743} INFO - Processing file /opt/airflow/dags/DAG_DOSM.py for tasks to queue
[2023-03-23T08:18:50.146+0000] {logging_mixin.py:137} INFO - [2023-03-23T08:18:50.146+0000] {dagbag.py:532} INFO - Filling up the DagBag from /opt/airflow/dags/DAG_DOSM.py
[2023-03-23T08:18:50.173+0000] {logging_mixin.py:137} INFO - [2023-03-23T08:18:50.168+0000] {dagbag.py:341} ERROR - Failed to import: /opt/airflow/dags/DAG_DOSM.py
Traceback (most recent call last):
  File "/home/airflow/.local/lib/python3.7/site-packages/airflow/models/dagbag.py", line 337, in parse
    loader.exec_module(new_module)
  File "<frozen importlib._bootstrap_external>", line 728, in exec_module
  File "<frozen importlib._bootstrap>", line 219, in _call_with_frames_removed
  File "/opt/airflow/dags/DAG_DOSM.py", line 4, in <module>
    from pricecatcher import ingest_pricecatcher_data
ModuleNotFoundError: No module named 'pricecatcher'
[2023-03-23T08:18:50.175+0000] {processor.py:755} WARNING - No viable dags retrieved from /opt/airflow/dags/DAG_DOSM.py
[2023-03-23T08:18:50.203+0000] {processor.py:175} INFO - Processing /opt/airflow/dags/DAG_DOSM.py took 0.063 seconds
[2023-03-23T08:19:21.042+0000] {processor.py:153} INFO - Started process (PID=2802) to work on /opt/airflow/dags/DAG_DOSM.py
[2023-03-23T08:19:21.059+0000] {processor.py:743} INFO - Processing file /opt/airflow/dags/DAG_DOSM.py for tasks to queue
[2023-03-23T08:19:21.061+0000] {logging_mixin.py:137} INFO - [2023-03-23T08:19:21.060+0000] {dagbag.py:532} INFO - Filling up the DagBag from /opt/airflow/dags/DAG_DOSM.py
[2023-03-23T08:19:21.100+0000] {logging_mixin.py:137} INFO - [2023-03-23T08:19:21.097+0000] {dagbag.py:341} ERROR - Failed to import: /opt/airflow/dags/DAG_DOSM.py
Traceback (most recent call last):
  File "/home/airflow/.local/lib/python3.7/site-packages/airflow/models/dagbag.py", line 337, in parse
    loader.exec_module(new_module)
  File "<frozen importlib._bootstrap_external>", line 728, in exec_module
  File "<frozen importlib._bootstrap>", line 219, in _call_with_frames_removed
  File "/opt/airflow/dags/DAG_DOSM.py", line 4, in <module>
    from pricecatcher import ingest_pricecatcher_data
ModuleNotFoundError: No module named 'pricecatcher'
[2023-03-23T08:19:21.102+0000] {processor.py:755} WARNING - No viable dags retrieved from /opt/airflow/dags/DAG_DOSM.py
[2023-03-23T08:19:21.193+0000] {processor.py:175} INFO - Processing /opt/airflow/dags/DAG_DOSM.py took 0.155 seconds
[2023-03-23T08:19:51.937+0000] {processor.py:153} INFO - Started process (PID=2852) to work on /opt/airflow/dags/DAG_DOSM.py
[2023-03-23T08:19:51.939+0000] {processor.py:743} INFO - Processing file /opt/airflow/dags/DAG_DOSM.py for tasks to queue
[2023-03-23T08:19:51.940+0000] {logging_mixin.py:137} INFO - [2023-03-23T08:19:51.940+0000] {dagbag.py:532} INFO - Filling up the DagBag from /opt/airflow/dags/DAG_DOSM.py
[2023-03-23T08:19:51.980+0000] {logging_mixin.py:137} INFO - [2023-03-23T08:19:51.976+0000] {dagbag.py:341} ERROR - Failed to import: /opt/airflow/dags/DAG_DOSM.py
Traceback (most recent call last):
  File "/home/airflow/.local/lib/python3.7/site-packages/airflow/models/dagbag.py", line 337, in parse
    loader.exec_module(new_module)
  File "<frozen importlib._bootstrap_external>", line 728, in exec_module
  File "<frozen importlib._bootstrap>", line 219, in _call_with_frames_removed
  File "/opt/airflow/dags/DAG_DOSM.py", line 4, in <module>
    from pricecatcher import ingest_pricecatcher_data
ModuleNotFoundError: No module named 'pricecatcher'
[2023-03-23T08:19:51.982+0000] {processor.py:755} WARNING - No viable dags retrieved from /opt/airflow/dags/DAG_DOSM.py
[2023-03-23T08:19:52.047+0000] {processor.py:175} INFO - Processing /opt/airflow/dags/DAG_DOSM.py took 0.114 seconds
[2023-03-23T08:20:22.570+0000] {processor.py:153} INFO - Started process (PID=2902) to work on /opt/airflow/dags/DAG_DOSM.py
[2023-03-23T08:20:22.572+0000] {processor.py:743} INFO - Processing file /opt/airflow/dags/DAG_DOSM.py for tasks to queue
[2023-03-23T08:20:22.573+0000] {logging_mixin.py:137} INFO - [2023-03-23T08:20:22.573+0000] {dagbag.py:532} INFO - Filling up the DagBag from /opt/airflow/dags/DAG_DOSM.py
[2023-03-23T08:20:22.618+0000] {logging_mixin.py:137} INFO - [2023-03-23T08:20:22.606+0000] {dagbag.py:341} ERROR - Failed to import: /opt/airflow/dags/DAG_DOSM.py
Traceback (most recent call last):
  File "/home/airflow/.local/lib/python3.7/site-packages/airflow/models/dagbag.py", line 337, in parse
    loader.exec_module(new_module)
  File "<frozen importlib._bootstrap_external>", line 728, in exec_module
  File "<frozen importlib._bootstrap>", line 219, in _call_with_frames_removed
  File "/opt/airflow/dags/DAG_DOSM.py", line 4, in <module>
    from pricecatcher import ingest_pricecatcher_data
ModuleNotFoundError: No module named 'pricecatcher'
[2023-03-23T08:20:22.622+0000] {processor.py:755} WARNING - No viable dags retrieved from /opt/airflow/dags/DAG_DOSM.py
[2023-03-23T08:20:22.985+0000] {processor.py:175} INFO - Processing /opt/airflow/dags/DAG_DOSM.py took 0.420 seconds
[2023-03-23T08:20:53.947+0000] {processor.py:153} INFO - Started process (PID=2952) to work on /opt/airflow/dags/DAG_DOSM.py
[2023-03-23T08:20:53.948+0000] {processor.py:743} INFO - Processing file /opt/airflow/dags/DAG_DOSM.py for tasks to queue
[2023-03-23T08:20:53.949+0000] {logging_mixin.py:137} INFO - [2023-03-23T08:20:53.949+0000] {dagbag.py:532} INFO - Filling up the DagBag from /opt/airflow/dags/DAG_DOSM.py
[2023-03-23T08:20:53.974+0000] {logging_mixin.py:137} INFO - [2023-03-23T08:20:53.969+0000] {dagbag.py:341} ERROR - Failed to import: /opt/airflow/dags/DAG_DOSM.py
Traceback (most recent call last):
  File "/home/airflow/.local/lib/python3.7/site-packages/airflow/models/dagbag.py", line 337, in parse
    loader.exec_module(new_module)
  File "<frozen importlib._bootstrap_external>", line 728, in exec_module
  File "<frozen importlib._bootstrap>", line 219, in _call_with_frames_removed
  File "/opt/airflow/dags/DAG_DOSM.py", line 4, in <module>
    from pricecatcher import ingest_pricecatcher_data
ModuleNotFoundError: No module named 'pricecatcher'
[2023-03-23T08:20:53.976+0000] {processor.py:755} WARNING - No viable dags retrieved from /opt/airflow/dags/DAG_DOSM.py
[2023-03-23T08:20:54.000+0000] {processor.py:175} INFO - Processing /opt/airflow/dags/DAG_DOSM.py took 0.057 seconds
[2023-03-23T08:21:24.095+0000] {processor.py:153} INFO - Started process (PID=3001) to work on /opt/airflow/dags/DAG_DOSM.py
[2023-03-23T08:21:24.097+0000] {processor.py:743} INFO - Processing file /opt/airflow/dags/DAG_DOSM.py for tasks to queue
[2023-03-23T08:21:24.098+0000] {logging_mixin.py:137} INFO - [2023-03-23T08:21:24.098+0000] {dagbag.py:532} INFO - Filling up the DagBag from /opt/airflow/dags/DAG_DOSM.py
[2023-03-23T08:21:24.129+0000] {logging_mixin.py:137} INFO - [2023-03-23T08:21:24.122+0000] {dagbag.py:341} ERROR - Failed to import: /opt/airflow/dags/DAG_DOSM.py
Traceback (most recent call last):
  File "/home/airflow/.local/lib/python3.7/site-packages/airflow/models/dagbag.py", line 337, in parse
    loader.exec_module(new_module)
  File "<frozen importlib._bootstrap_external>", line 728, in exec_module
  File "<frozen importlib._bootstrap>", line 219, in _call_with_frames_removed
  File "/opt/airflow/dags/DAG_DOSM.py", line 4, in <module>
    from pricecatcher import ingest_pricecatcher_data
ModuleNotFoundError: No module named 'pricecatcher'
[2023-03-23T08:21:24.130+0000] {processor.py:755} WARNING - No viable dags retrieved from /opt/airflow/dags/DAG_DOSM.py
[2023-03-23T08:21:24.155+0000] {processor.py:175} INFO - Processing /opt/airflow/dags/DAG_DOSM.py took 0.064 seconds
[2023-03-23T08:21:54.208+0000] {processor.py:153} INFO - Started process (PID=3051) to work on /opt/airflow/dags/DAG_DOSM.py
[2023-03-23T08:21:54.209+0000] {processor.py:743} INFO - Processing file /opt/airflow/dags/DAG_DOSM.py for tasks to queue
[2023-03-23T08:21:54.210+0000] {logging_mixin.py:137} INFO - [2023-03-23T08:21:54.210+0000] {dagbag.py:532} INFO - Filling up the DagBag from /opt/airflow/dags/DAG_DOSM.py
[2023-03-23T08:21:54.236+0000] {logging_mixin.py:137} INFO - [2023-03-23T08:21:54.231+0000] {dagbag.py:341} ERROR - Failed to import: /opt/airflow/dags/DAG_DOSM.py
Traceback (most recent call last):
  File "/home/airflow/.local/lib/python3.7/site-packages/airflow/models/dagbag.py", line 337, in parse
    loader.exec_module(new_module)
  File "<frozen importlib._bootstrap_external>", line 728, in exec_module
  File "<frozen importlib._bootstrap>", line 219, in _call_with_frames_removed
  File "/opt/airflow/dags/DAG_DOSM.py", line 4, in <module>
    from pricecatcher import ingest_pricecatcher_data
ModuleNotFoundError: No module named 'pricecatcher'
[2023-03-23T08:21:54.238+0000] {processor.py:755} WARNING - No viable dags retrieved from /opt/airflow/dags/DAG_DOSM.py
[2023-03-23T08:21:54.265+0000] {processor.py:175} INFO - Processing /opt/airflow/dags/DAG_DOSM.py took 0.061 seconds
[2023-03-23T08:25:48.767+0000] {processor.py:153} INFO - Started process (PID=3433) to work on /opt/airflow/dags/DAG_DOSM.py
[2023-03-23T08:25:48.775+0000] {processor.py:743} INFO - Processing file /opt/airflow/dags/DAG_DOSM.py for tasks to queue
[2023-03-23T08:25:48.777+0000] {logging_mixin.py:137} INFO - [2023-03-23T08:25:48.776+0000] {dagbag.py:532} INFO - Filling up the DagBag from /opt/airflow/dags/DAG_DOSM.py
[2023-03-23T08:25:48.802+0000] {logging_mixin.py:137} INFO - [2023-03-23T08:25:48.798+0000] {dagbag.py:341} ERROR - Failed to import: /opt/airflow/dags/DAG_DOSM.py
Traceback (most recent call last):
  File "/home/airflow/.local/lib/python3.7/site-packages/airflow/models/dagbag.py", line 337, in parse
    loader.exec_module(new_module)
  File "<frozen importlib._bootstrap_external>", line 728, in exec_module
  File "<frozen importlib._bootstrap>", line 219, in _call_with_frames_removed
  File "/opt/airflow/dags/DAG_DOSM.py", line 4, in <module>
    from pricecatcher import ingest_pricecatcher_data
ModuleNotFoundError: No module named 'pricecatcher'
[2023-03-23T08:25:48.804+0000] {processor.py:755} WARNING - No viable dags retrieved from /opt/airflow/dags/DAG_DOSM.py
[2023-03-23T08:25:48.831+0000] {processor.py:175} INFO - Processing /opt/airflow/dags/DAG_DOSM.py took 0.068 seconds
[2023-03-23T08:26:18.858+0000] {processor.py:153} INFO - Started process (PID=3483) to work on /opt/airflow/dags/DAG_DOSM.py
[2023-03-23T08:26:18.886+0000] {processor.py:743} INFO - Processing file /opt/airflow/dags/DAG_DOSM.py for tasks to queue
[2023-03-23T08:26:18.887+0000] {logging_mixin.py:137} INFO - [2023-03-23T08:26:18.887+0000] {dagbag.py:532} INFO - Filling up the DagBag from /opt/airflow/dags/DAG_DOSM.py
[2023-03-23T08:26:18.923+0000] {logging_mixin.py:137} INFO - [2023-03-23T08:26:18.916+0000] {dagbag.py:341} ERROR - Failed to import: /opt/airflow/dags/DAG_DOSM.py
Traceback (most recent call last):
  File "/home/airflow/.local/lib/python3.7/site-packages/airflow/models/dagbag.py", line 337, in parse
    loader.exec_module(new_module)
  File "<frozen importlib._bootstrap_external>", line 728, in exec_module
  File "<frozen importlib._bootstrap>", line 219, in _call_with_frames_removed
  File "/opt/airflow/dags/DAG_DOSM.py", line 4, in <module>
    from pricecatcher import ingest_pricecatcher_data
ModuleNotFoundError: No module named 'pricecatcher'
[2023-03-23T08:26:18.924+0000] {processor.py:755} WARNING - No viable dags retrieved from /opt/airflow/dags/DAG_DOSM.py
[2023-03-23T08:26:18.947+0000] {processor.py:175} INFO - Processing /opt/airflow/dags/DAG_DOSM.py took 0.093 seconds
[2023-03-23T08:26:48.977+0000] {processor.py:153} INFO - Started process (PID=3530) to work on /opt/airflow/dags/DAG_DOSM.py
[2023-03-23T08:26:48.978+0000] {processor.py:743} INFO - Processing file /opt/airflow/dags/DAG_DOSM.py for tasks to queue
[2023-03-23T08:26:48.980+0000] {logging_mixin.py:137} INFO - [2023-03-23T08:26:48.980+0000] {dagbag.py:532} INFO - Filling up the DagBag from /opt/airflow/dags/DAG_DOSM.py
[2023-03-23T08:26:49.069+0000] {logging_mixin.py:137} INFO - [2023-03-23T08:26:49.066+0000] {dagbag.py:341} ERROR - Failed to import: /opt/airflow/dags/DAG_DOSM.py
Traceback (most recent call last):
  File "/home/airflow/.local/lib/python3.7/site-packages/airflow/models/dagbag.py", line 337, in parse
    loader.exec_module(new_module)
  File "<frozen importlib._bootstrap_external>", line 728, in exec_module
  File "<frozen importlib._bootstrap>", line 219, in _call_with_frames_removed
  File "/opt/airflow/dags/DAG_DOSM.py", line 4, in <module>
    from pricecatcher import ingest_pricecatcher_data
ModuleNotFoundError: No module named 'pricecatcher'
[2023-03-23T08:26:49.071+0000] {processor.py:755} WARNING - No viable dags retrieved from /opt/airflow/dags/DAG_DOSM.py
[2023-03-23T08:26:49.105+0000] {processor.py:175} INFO - Processing /opt/airflow/dags/DAG_DOSM.py took 0.132 seconds
[2023-03-23T08:27:26.340+0000] {processor.py:153} INFO - Started process (PID=3562) to work on /opt/airflow/dags/DAG_DOSM.py
[2023-03-23T08:27:26.343+0000] {processor.py:743} INFO - Processing file /opt/airflow/dags/DAG_DOSM.py for tasks to queue
[2023-03-23T08:27:26.347+0000] {logging_mixin.py:137} INFO - [2023-03-23T08:27:26.347+0000] {dagbag.py:532} INFO - Filling up the DagBag from /opt/airflow/dags/DAG_DOSM.py
[2023-03-23T08:27:26.416+0000] {logging_mixin.py:137} INFO - [2023-03-23T08:27:26.412+0000] {dagbag.py:341} ERROR - Failed to import: /opt/airflow/dags/DAG_DOSM.py
Traceback (most recent call last):
  File "/home/airflow/.local/lib/python3.7/site-packages/airflow/models/dagbag.py", line 337, in parse
    loader.exec_module(new_module)
  File "<frozen importlib._bootstrap_external>", line 728, in exec_module
  File "<frozen importlib._bootstrap>", line 219, in _call_with_frames_removed
  File "/opt/airflow/dags/DAG_DOSM.py", line 4, in <module>
    from pricecatcher import ingest_pricecatcher_data
ModuleNotFoundError: No module named 'pricecatcher'
[2023-03-23T08:27:26.417+0000] {processor.py:755} WARNING - No viable dags retrieved from /opt/airflow/dags/DAG_DOSM.py
[2023-03-23T08:27:26.439+0000] {processor.py:175} INFO - Processing /opt/airflow/dags/DAG_DOSM.py took 0.106 seconds
[2023-03-23T08:27:56.961+0000] {processor.py:153} INFO - Started process (PID=3610) to work on /opt/airflow/dags/DAG_DOSM.py
[2023-03-23T08:27:56.963+0000] {processor.py:743} INFO - Processing file /opt/airflow/dags/DAG_DOSM.py for tasks to queue
[2023-03-23T08:27:56.965+0000] {logging_mixin.py:137} INFO - [2023-03-23T08:27:56.965+0000] {dagbag.py:532} INFO - Filling up the DagBag from /opt/airflow/dags/DAG_DOSM.py
[2023-03-23T08:27:57.029+0000] {logging_mixin.py:137} INFO - [2023-03-23T08:27:57.023+0000] {dagbag.py:341} ERROR - Failed to import: /opt/airflow/dags/DAG_DOSM.py
Traceback (most recent call last):
  File "/home/airflow/.local/lib/python3.7/site-packages/airflow/models/dagbag.py", line 337, in parse
    loader.exec_module(new_module)
  File "<frozen importlib._bootstrap_external>", line 728, in exec_module
  File "<frozen importlib._bootstrap>", line 219, in _call_with_frames_removed
  File "/opt/airflow/dags/DAG_DOSM.py", line 4, in <module>
    from pricecatcher import ingest_pricecatcher_data
ModuleNotFoundError: No module named 'pricecatcher'
[2023-03-23T08:27:57.031+0000] {processor.py:755} WARNING - No viable dags retrieved from /opt/airflow/dags/DAG_DOSM.py
[2023-03-23T08:27:57.058+0000] {processor.py:175} INFO - Processing /opt/airflow/dags/DAG_DOSM.py took 0.105 seconds
[2023-03-23T08:28:27.612+0000] {processor.py:153} INFO - Started process (PID=3660) to work on /opt/airflow/dags/DAG_DOSM.py
[2023-03-23T08:28:27.614+0000] {processor.py:743} INFO - Processing file /opt/airflow/dags/DAG_DOSM.py for tasks to queue
[2023-03-23T08:28:27.615+0000] {logging_mixin.py:137} INFO - [2023-03-23T08:28:27.615+0000] {dagbag.py:532} INFO - Filling up the DagBag from /opt/airflow/dags/DAG_DOSM.py
[2023-03-23T08:28:27.640+0000] {logging_mixin.py:137} INFO - [2023-03-23T08:28:27.637+0000] {dagbag.py:341} ERROR - Failed to import: /opt/airflow/dags/DAG_DOSM.py
Traceback (most recent call last):
  File "/home/airflow/.local/lib/python3.7/site-packages/airflow/models/dagbag.py", line 337, in parse
    loader.exec_module(new_module)
  File "<frozen importlib._bootstrap_external>", line 728, in exec_module
  File "<frozen importlib._bootstrap>", line 219, in _call_with_frames_removed
  File "/opt/airflow/dags/DAG_DOSM.py", line 4, in <module>
    from pricecatcher import ingest_pricecatcher_data
ModuleNotFoundError: No module named 'pricecatcher'
[2023-03-23T08:28:27.642+0000] {processor.py:755} WARNING - No viable dags retrieved from /opt/airflow/dags/DAG_DOSM.py
[2023-03-23T08:28:27.668+0000] {processor.py:175} INFO - Processing /opt/airflow/dags/DAG_DOSM.py took 0.063 seconds
[2023-03-23T08:28:58.135+0000] {processor.py:153} INFO - Started process (PID=3709) to work on /opt/airflow/dags/DAG_DOSM.py
[2023-03-23T08:28:58.137+0000] {processor.py:743} INFO - Processing file /opt/airflow/dags/DAG_DOSM.py for tasks to queue
[2023-03-23T08:28:58.138+0000] {logging_mixin.py:137} INFO - [2023-03-23T08:28:58.138+0000] {dagbag.py:532} INFO - Filling up the DagBag from /opt/airflow/dags/DAG_DOSM.py
[2023-03-23T08:28:58.187+0000] {logging_mixin.py:137} INFO - [2023-03-23T08:28:58.183+0000] {dagbag.py:341} ERROR - Failed to import: /opt/airflow/dags/DAG_DOSM.py
Traceback (most recent call last):
  File "/home/airflow/.local/lib/python3.7/site-packages/airflow/models/dagbag.py", line 337, in parse
    loader.exec_module(new_module)
  File "<frozen importlib._bootstrap_external>", line 728, in exec_module
  File "<frozen importlib._bootstrap>", line 219, in _call_with_frames_removed
  File "/opt/airflow/dags/DAG_DOSM.py", line 4, in <module>
    from pricecatcher import ingest_pricecatcher_data
ModuleNotFoundError: No module named 'pricecatcher'
[2023-03-23T08:28:58.188+0000] {processor.py:755} WARNING - No viable dags retrieved from /opt/airflow/dags/DAG_DOSM.py
[2023-03-23T08:28:58.223+0000] {processor.py:175} INFO - Processing /opt/airflow/dags/DAG_DOSM.py took 0.092 seconds
[2023-03-23T08:29:29.063+0000] {processor.py:153} INFO - Started process (PID=3759) to work on /opt/airflow/dags/DAG_DOSM.py
[2023-03-23T08:29:29.064+0000] {processor.py:743} INFO - Processing file /opt/airflow/dags/DAG_DOSM.py for tasks to queue
[2023-03-23T08:29:29.065+0000] {logging_mixin.py:137} INFO - [2023-03-23T08:29:29.065+0000] {dagbag.py:532} INFO - Filling up the DagBag from /opt/airflow/dags/DAG_DOSM.py
[2023-03-23T08:29:29.088+0000] {logging_mixin.py:137} INFO - [2023-03-23T08:29:29.084+0000] {dagbag.py:341} ERROR - Failed to import: /opt/airflow/dags/DAG_DOSM.py
Traceback (most recent call last):
  File "/home/airflow/.local/lib/python3.7/site-packages/airflow/models/dagbag.py", line 337, in parse
    loader.exec_module(new_module)
  File "<frozen importlib._bootstrap_external>", line 728, in exec_module
  File "<frozen importlib._bootstrap>", line 219, in _call_with_frames_removed
  File "/opt/airflow/dags/DAG_DOSM.py", line 4, in <module>
    from pricecatcher import ingest_pricecatcher_data
ModuleNotFoundError: No module named 'pricecatcher'
[2023-03-23T08:29:29.089+0000] {processor.py:755} WARNING - No viable dags retrieved from /opt/airflow/dags/DAG_DOSM.py
[2023-03-23T08:29:29.120+0000] {processor.py:175} INFO - Processing /opt/airflow/dags/DAG_DOSM.py took 0.061 seconds
[2023-03-23T08:29:59.619+0000] {processor.py:153} INFO - Started process (PID=3809) to work on /opt/airflow/dags/DAG_DOSM.py
[2023-03-23T08:29:59.620+0000] {processor.py:743} INFO - Processing file /opt/airflow/dags/DAG_DOSM.py for tasks to queue
[2023-03-23T08:29:59.621+0000] {logging_mixin.py:137} INFO - [2023-03-23T08:29:59.621+0000] {dagbag.py:532} INFO - Filling up the DagBag from /opt/airflow/dags/DAG_DOSM.py
[2023-03-23T08:29:59.641+0000] {logging_mixin.py:137} INFO - [2023-03-23T08:29:59.638+0000] {dagbag.py:341} ERROR - Failed to import: /opt/airflow/dags/DAG_DOSM.py
Traceback (most recent call last):
  File "/home/airflow/.local/lib/python3.7/site-packages/airflow/models/dagbag.py", line 337, in parse
    loader.exec_module(new_module)
  File "<frozen importlib._bootstrap_external>", line 728, in exec_module
  File "<frozen importlib._bootstrap>", line 219, in _call_with_frames_removed
  File "/opt/airflow/dags/DAG_DOSM.py", line 4, in <module>
    from pricecatcher import ingest_pricecatcher_data
ModuleNotFoundError: No module named 'pricecatcher'
[2023-03-23T08:29:59.642+0000] {processor.py:755} WARNING - No viable dags retrieved from /opt/airflow/dags/DAG_DOSM.py
[2023-03-23T08:29:59.668+0000] {processor.py:175} INFO - Processing /opt/airflow/dags/DAG_DOSM.py took 0.055 seconds
[2023-03-23T08:30:30.433+0000] {processor.py:153} INFO - Started process (PID=3859) to work on /opt/airflow/dags/DAG_DOSM.py
[2023-03-23T08:30:30.434+0000] {processor.py:743} INFO - Processing file /opt/airflow/dags/DAG_DOSM.py for tasks to queue
[2023-03-23T08:30:30.435+0000] {logging_mixin.py:137} INFO - [2023-03-23T08:30:30.435+0000] {dagbag.py:532} INFO - Filling up the DagBag from /opt/airflow/dags/DAG_DOSM.py
[2023-03-23T08:30:30.456+0000] {logging_mixin.py:137} INFO - [2023-03-23T08:30:30.452+0000] {dagbag.py:341} ERROR - Failed to import: /opt/airflow/dags/DAG_DOSM.py
Traceback (most recent call last):
  File "/home/airflow/.local/lib/python3.7/site-packages/airflow/models/dagbag.py", line 337, in parse
    loader.exec_module(new_module)
  File "<frozen importlib._bootstrap_external>", line 728, in exec_module
  File "<frozen importlib._bootstrap>", line 219, in _call_with_frames_removed
  File "/opt/airflow/dags/DAG_DOSM.py", line 4, in <module>
    from pricecatcher import ingest_pricecatcher_data
ModuleNotFoundError: No module named 'pricecatcher'
[2023-03-23T08:30:30.457+0000] {processor.py:755} WARNING - No viable dags retrieved from /opt/airflow/dags/DAG_DOSM.py
[2023-03-23T08:30:30.490+0000] {processor.py:175} INFO - Processing /opt/airflow/dags/DAG_DOSM.py took 0.063 seconds
[2023-03-23T08:30:48.802+0000] {processor.py:153} INFO - Started process (PID=3896) to work on /opt/airflow/dags/DAG_DOSM.py
[2023-03-23T08:30:48.803+0000] {processor.py:743} INFO - Processing file /opt/airflow/dags/DAG_DOSM.py for tasks to queue
[2023-03-23T08:30:48.804+0000] {logging_mixin.py:137} INFO - [2023-03-23T08:30:48.804+0000] {dagbag.py:532} INFO - Filling up the DagBag from /opt/airflow/dags/DAG_DOSM.py
[2023-03-23T08:30:48.826+0000] {logging_mixin.py:137} INFO - [2023-03-23T08:30:48.823+0000] {dagbag.py:341} ERROR - Failed to import: /opt/airflow/dags/DAG_DOSM.py
Traceback (most recent call last):
  File "/home/airflow/.local/lib/python3.7/site-packages/airflow/models/dagbag.py", line 337, in parse
    loader.exec_module(new_module)
  File "<frozen importlib._bootstrap_external>", line 728, in exec_module
  File "<frozen importlib._bootstrap>", line 219, in _call_with_frames_removed
  File "/opt/airflow/dags/DAG_DOSM.py", line 4, in <module>
    from pricecatcher import ingest_pricecatcher_data
ModuleNotFoundError: No module named 'pricecatcher'
[2023-03-23T08:30:48.827+0000] {processor.py:755} WARNING - No viable dags retrieved from /opt/airflow/dags/DAG_DOSM.py
[2023-03-23T08:30:48.851+0000] {processor.py:175} INFO - Processing /opt/airflow/dags/DAG_DOSM.py took 0.053 seconds
[2023-03-23T08:31:19.098+0000] {processor.py:153} INFO - Started process (PID=3944) to work on /opt/airflow/dags/DAG_DOSM.py
[2023-03-23T08:31:19.099+0000] {processor.py:743} INFO - Processing file /opt/airflow/dags/DAG_DOSM.py for tasks to queue
[2023-03-23T08:31:19.100+0000] {logging_mixin.py:137} INFO - [2023-03-23T08:31:19.100+0000] {dagbag.py:532} INFO - Filling up the DagBag from /opt/airflow/dags/DAG_DOSM.py
[2023-03-23T08:31:19.231+0000] {logging_mixin.py:137} INFO - [2023-03-23T08:31:19.207+0000] {dagbag.py:341} ERROR - Failed to import: /opt/airflow/dags/DAG_DOSM.py
Traceback (most recent call last):
  File "/home/airflow/.local/lib/python3.7/site-packages/airflow/models/dagbag.py", line 337, in parse
    loader.exec_module(new_module)
  File "<frozen importlib._bootstrap_external>", line 728, in exec_module
  File "<frozen importlib._bootstrap>", line 219, in _call_with_frames_removed
  File "/opt/airflow/dags/DAG_DOSM.py", line 4, in <module>
    from pricecatcher import ingest_pricecatcher_data
ModuleNotFoundError: No module named 'pricecatcher'
[2023-03-23T08:31:19.240+0000] {processor.py:755} WARNING - No viable dags retrieved from /opt/airflow/dags/DAG_DOSM.py
[2023-03-23T08:31:19.370+0000] {processor.py:175} INFO - Processing /opt/airflow/dags/DAG_DOSM.py took 0.276 seconds
[2023-03-23T08:31:50.089+0000] {processor.py:153} INFO - Started process (PID=3995) to work on /opt/airflow/dags/DAG_DOSM.py
[2023-03-23T08:31:50.092+0000] {processor.py:743} INFO - Processing file /opt/airflow/dags/DAG_DOSM.py for tasks to queue
[2023-03-23T08:31:50.093+0000] {logging_mixin.py:137} INFO - [2023-03-23T08:31:50.093+0000] {dagbag.py:532} INFO - Filling up the DagBag from /opt/airflow/dags/DAG_DOSM.py
[2023-03-23T08:31:50.122+0000] {logging_mixin.py:137} INFO - [2023-03-23T08:31:50.116+0000] {dagbag.py:341} ERROR - Failed to import: /opt/airflow/dags/DAG_DOSM.py
Traceback (most recent call last):
  File "/home/airflow/.local/lib/python3.7/site-packages/airflow/models/dagbag.py", line 337, in parse
    loader.exec_module(new_module)
  File "<frozen importlib._bootstrap_external>", line 728, in exec_module
  File "<frozen importlib._bootstrap>", line 219, in _call_with_frames_removed
  File "/opt/airflow/dags/DAG_DOSM.py", line 4, in <module>
    from pricecatcher import ingest_pricecatcher_data
ModuleNotFoundError: No module named 'pricecatcher'
[2023-03-23T08:31:50.123+0000] {processor.py:755} WARNING - No viable dags retrieved from /opt/airflow/dags/DAG_DOSM.py
[2023-03-23T08:31:50.158+0000] {processor.py:175} INFO - Processing /opt/airflow/dags/DAG_DOSM.py took 0.075 seconds
[2023-03-23T08:32:20.701+0000] {processor.py:153} INFO - Started process (PID=4046) to work on /opt/airflow/dags/DAG_DOSM.py
[2023-03-23T08:32:20.702+0000] {processor.py:743} INFO - Processing file /opt/airflow/dags/DAG_DOSM.py for tasks to queue
[2023-03-23T08:32:20.703+0000] {logging_mixin.py:137} INFO - [2023-03-23T08:32:20.703+0000] {dagbag.py:532} INFO - Filling up the DagBag from /opt/airflow/dags/DAG_DOSM.py
[2023-03-23T08:32:20.730+0000] {logging_mixin.py:137} INFO - [2023-03-23T08:32:20.726+0000] {dagbag.py:341} ERROR - Failed to import: /opt/airflow/dags/DAG_DOSM.py
Traceback (most recent call last):
  File "/home/airflow/.local/lib/python3.7/site-packages/airflow/models/dagbag.py", line 337, in parse
    loader.exec_module(new_module)
  File "<frozen importlib._bootstrap_external>", line 728, in exec_module
  File "<frozen importlib._bootstrap>", line 219, in _call_with_frames_removed
  File "/opt/airflow/dags/DAG_DOSM.py", line 4, in <module>
    from pricecatcher import ingest_pricecatcher_data
ModuleNotFoundError: No module named 'pricecatcher'
[2023-03-23T08:32:20.732+0000] {processor.py:755} WARNING - No viable dags retrieved from /opt/airflow/dags/DAG_DOSM.py
[2023-03-23T08:32:20.758+0000] {processor.py:175} INFO - Processing /opt/airflow/dags/DAG_DOSM.py took 0.062 seconds
[2023-03-23T08:32:50.790+0000] {processor.py:153} INFO - Started process (PID=4095) to work on /opt/airflow/dags/DAG_DOSM.py
[2023-03-23T08:32:50.791+0000] {processor.py:743} INFO - Processing file /opt/airflow/dags/DAG_DOSM.py for tasks to queue
[2023-03-23T08:32:50.793+0000] {logging_mixin.py:137} INFO - [2023-03-23T08:32:50.792+0000] {dagbag.py:532} INFO - Filling up the DagBag from /opt/airflow/dags/DAG_DOSM.py
[2023-03-23T08:32:50.823+0000] {logging_mixin.py:137} INFO - [2023-03-23T08:32:50.817+0000] {dagbag.py:341} ERROR - Failed to import: /opt/airflow/dags/DAG_DOSM.py
Traceback (most recent call last):
  File "/home/airflow/.local/lib/python3.7/site-packages/airflow/models/dagbag.py", line 337, in parse
    loader.exec_module(new_module)
  File "<frozen importlib._bootstrap_external>", line 728, in exec_module
  File "<frozen importlib._bootstrap>", line 219, in _call_with_frames_removed
  File "/opt/airflow/dags/DAG_DOSM.py", line 4, in <module>
    from pricecatcher import ingest_pricecatcher_data
ModuleNotFoundError: No module named 'pricecatcher'
[2023-03-23T08:32:50.825+0000] {processor.py:755} WARNING - No viable dags retrieved from /opt/airflow/dags/DAG_DOSM.py
[2023-03-23T08:32:50.849+0000] {processor.py:175} INFO - Processing /opt/airflow/dags/DAG_DOSM.py took 0.062 seconds
[2023-03-23T08:33:21.067+0000] {processor.py:153} INFO - Started process (PID=4146) to work on /opt/airflow/dags/DAG_DOSM.py
[2023-03-23T08:33:21.068+0000] {processor.py:743} INFO - Processing file /opt/airflow/dags/DAG_DOSM.py for tasks to queue
[2023-03-23T08:33:21.070+0000] {logging_mixin.py:137} INFO - [2023-03-23T08:33:21.070+0000] {dagbag.py:532} INFO - Filling up the DagBag from /opt/airflow/dags/DAG_DOSM.py
[2023-03-23T08:33:21.098+0000] {logging_mixin.py:137} INFO - [2023-03-23T08:33:21.095+0000] {dagbag.py:341} ERROR - Failed to import: /opt/airflow/dags/DAG_DOSM.py
Traceback (most recent call last):
  File "/home/airflow/.local/lib/python3.7/site-packages/airflow/models/dagbag.py", line 337, in parse
    loader.exec_module(new_module)
  File "<frozen importlib._bootstrap_external>", line 728, in exec_module
  File "<frozen importlib._bootstrap>", line 219, in _call_with_frames_removed
  File "/opt/airflow/dags/DAG_DOSM.py", line 4, in <module>
    from pricecatcher import ingest_pricecatcher_data
ModuleNotFoundError: No module named 'pricecatcher'
[2023-03-23T08:33:21.100+0000] {processor.py:755} WARNING - No viable dags retrieved from /opt/airflow/dags/DAG_DOSM.py
[2023-03-23T08:33:21.135+0000] {processor.py:175} INFO - Processing /opt/airflow/dags/DAG_DOSM.py took 0.074 seconds
[2023-03-23T08:33:51.875+0000] {processor.py:153} INFO - Started process (PID=4196) to work on /opt/airflow/dags/DAG_DOSM.py
[2023-03-23T08:33:51.878+0000] {processor.py:743} INFO - Processing file /opt/airflow/dags/DAG_DOSM.py for tasks to queue
[2023-03-23T08:33:51.880+0000] {logging_mixin.py:137} INFO - [2023-03-23T08:33:51.879+0000] {dagbag.py:532} INFO - Filling up the DagBag from /opt/airflow/dags/DAG_DOSM.py
[2023-03-23T08:33:51.908+0000] {logging_mixin.py:137} INFO - [2023-03-23T08:33:51.903+0000] {dagbag.py:341} ERROR - Failed to import: /opt/airflow/dags/DAG_DOSM.py
Traceback (most recent call last):
  File "/home/airflow/.local/lib/python3.7/site-packages/airflow/models/dagbag.py", line 337, in parse
    loader.exec_module(new_module)
  File "<frozen importlib._bootstrap_external>", line 728, in exec_module
  File "<frozen importlib._bootstrap>", line 219, in _call_with_frames_removed
  File "/opt/airflow/dags/DAG_DOSM.py", line 4, in <module>
    from pricecatcher import ingest_pricecatcher_data
ModuleNotFoundError: No module named 'pricecatcher'
[2023-03-23T08:33:51.909+0000] {processor.py:755} WARNING - No viable dags retrieved from /opt/airflow/dags/DAG_DOSM.py
[2023-03-23T08:33:51.935+0000] {processor.py:175} INFO - Processing /opt/airflow/dags/DAG_DOSM.py took 0.064 seconds
[2023-03-23T08:34:22.308+0000] {processor.py:153} INFO - Started process (PID=4247) to work on /opt/airflow/dags/DAG_DOSM.py
[2023-03-23T08:34:22.310+0000] {processor.py:743} INFO - Processing file /opt/airflow/dags/DAG_DOSM.py for tasks to queue
[2023-03-23T08:34:22.312+0000] {logging_mixin.py:137} INFO - [2023-03-23T08:34:22.311+0000] {dagbag.py:532} INFO - Filling up the DagBag from /opt/airflow/dags/DAG_DOSM.py
[2023-03-23T08:34:22.338+0000] {logging_mixin.py:137} INFO - [2023-03-23T08:34:22.334+0000] {dagbag.py:341} ERROR - Failed to import: /opt/airflow/dags/DAG_DOSM.py
Traceback (most recent call last):
  File "/home/airflow/.local/lib/python3.7/site-packages/airflow/models/dagbag.py", line 337, in parse
    loader.exec_module(new_module)
  File "<frozen importlib._bootstrap_external>", line 728, in exec_module
  File "<frozen importlib._bootstrap>", line 219, in _call_with_frames_removed
  File "/opt/airflow/dags/DAG_DOSM.py", line 4, in <module>
    from pricecatcher import ingest_pricecatcher_data
ModuleNotFoundError: No module named 'pricecatcher'
[2023-03-23T08:34:22.339+0000] {processor.py:755} WARNING - No viable dags retrieved from /opt/airflow/dags/DAG_DOSM.py
[2023-03-23T08:34:22.365+0000] {processor.py:175} INFO - Processing /opt/airflow/dags/DAG_DOSM.py took 0.065 seconds
[2023-03-23T08:34:52.974+0000] {processor.py:153} INFO - Started process (PID=4298) to work on /opt/airflow/dags/DAG_DOSM.py
[2023-03-23T08:34:52.975+0000] {processor.py:743} INFO - Processing file /opt/airflow/dags/DAG_DOSM.py for tasks to queue
[2023-03-23T08:34:52.976+0000] {logging_mixin.py:137} INFO - [2023-03-23T08:34:52.976+0000] {dagbag.py:532} INFO - Filling up the DagBag from /opt/airflow/dags/DAG_DOSM.py
[2023-03-23T08:34:53.003+0000] {logging_mixin.py:137} INFO - [2023-03-23T08:34:52.998+0000] {dagbag.py:341} ERROR - Failed to import: /opt/airflow/dags/DAG_DOSM.py
Traceback (most recent call last):
  File "/home/airflow/.local/lib/python3.7/site-packages/airflow/models/dagbag.py", line 337, in parse
    loader.exec_module(new_module)
  File "<frozen importlib._bootstrap_external>", line 728, in exec_module
  File "<frozen importlib._bootstrap>", line 219, in _call_with_frames_removed
  File "/opt/airflow/dags/DAG_DOSM.py", line 4, in <module>
    from pricecatcher import ingest_pricecatcher_data
ModuleNotFoundError: No module named 'pricecatcher'
[2023-03-23T08:34:53.005+0000] {processor.py:755} WARNING - No viable dags retrieved from /opt/airflow/dags/DAG_DOSM.py
[2023-03-23T08:34:53.033+0000] {processor.py:175} INFO - Processing /opt/airflow/dags/DAG_DOSM.py took 0.064 seconds
[2023-03-23T08:35:23.403+0000] {processor.py:153} INFO - Started process (PID=4348) to work on /opt/airflow/dags/DAG_DOSM.py
[2023-03-23T08:35:23.404+0000] {processor.py:743} INFO - Processing file /opt/airflow/dags/DAG_DOSM.py for tasks to queue
[2023-03-23T08:35:23.405+0000] {logging_mixin.py:137} INFO - [2023-03-23T08:35:23.405+0000] {dagbag.py:532} INFO - Filling up the DagBag from /opt/airflow/dags/DAG_DOSM.py
[2023-03-23T08:35:23.431+0000] {logging_mixin.py:137} INFO - [2023-03-23T08:35:23.427+0000] {dagbag.py:341} ERROR - Failed to import: /opt/airflow/dags/DAG_DOSM.py
Traceback (most recent call last):
  File "/home/airflow/.local/lib/python3.7/site-packages/airflow/models/dagbag.py", line 337, in parse
    loader.exec_module(new_module)
  File "<frozen importlib._bootstrap_external>", line 728, in exec_module
  File "<frozen importlib._bootstrap>", line 219, in _call_with_frames_removed
  File "/opt/airflow/dags/DAG_DOSM.py", line 4, in <module>
    from pricecatcher import ingest_pricecatcher_data
ModuleNotFoundError: No module named 'pricecatcher'
[2023-03-23T08:35:23.433+0000] {processor.py:755} WARNING - No viable dags retrieved from /opt/airflow/dags/DAG_DOSM.py
[2023-03-23T08:35:23.459+0000] {processor.py:175} INFO - Processing /opt/airflow/dags/DAG_DOSM.py took 0.061 seconds
[2023-03-23T08:35:53.678+0000] {processor.py:153} INFO - Started process (PID=4400) to work on /opt/airflow/dags/DAG_DOSM.py
[2023-03-23T08:35:53.679+0000] {processor.py:743} INFO - Processing file /opt/airflow/dags/DAG_DOSM.py for tasks to queue
[2023-03-23T08:35:53.681+0000] {logging_mixin.py:137} INFO - [2023-03-23T08:35:53.681+0000] {dagbag.py:532} INFO - Filling up the DagBag from /opt/airflow/dags/DAG_DOSM.py
[2023-03-23T08:35:53.711+0000] {logging_mixin.py:137} INFO - [2023-03-23T08:35:53.706+0000] {dagbag.py:341} ERROR - Failed to import: /opt/airflow/dags/DAG_DOSM.py
Traceback (most recent call last):
  File "/home/airflow/.local/lib/python3.7/site-packages/airflow/models/dagbag.py", line 337, in parse
    loader.exec_module(new_module)
  File "<frozen importlib._bootstrap_external>", line 728, in exec_module
  File "<frozen importlib._bootstrap>", line 219, in _call_with_frames_removed
  File "/opt/airflow/dags/DAG_DOSM.py", line 4, in <module>
    from pricecatcher import ingest_pricecatcher_data
ModuleNotFoundError: No module named 'pricecatcher'
[2023-03-23T08:35:53.712+0000] {processor.py:755} WARNING - No viable dags retrieved from /opt/airflow/dags/DAG_DOSM.py
[2023-03-23T08:35:53.740+0000] {processor.py:175} INFO - Processing /opt/airflow/dags/DAG_DOSM.py took 0.070 seconds
[2023-03-23T08:36:24.225+0000] {processor.py:153} INFO - Started process (PID=4453) to work on /opt/airflow/dags/DAG_DOSM.py
[2023-03-23T08:36:24.227+0000] {processor.py:743} INFO - Processing file /opt/airflow/dags/DAG_DOSM.py for tasks to queue
[2023-03-23T08:36:24.230+0000] {logging_mixin.py:137} INFO - [2023-03-23T08:36:24.229+0000] {dagbag.py:532} INFO - Filling up the DagBag from /opt/airflow/dags/DAG_DOSM.py
[2023-03-23T08:36:24.263+0000] {logging_mixin.py:137} INFO - [2023-03-23T08:36:24.260+0000] {dagbag.py:341} ERROR - Failed to import: /opt/airflow/dags/DAG_DOSM.py
Traceback (most recent call last):
  File "/home/airflow/.local/lib/python3.7/site-packages/airflow/models/dagbag.py", line 337, in parse
    loader.exec_module(new_module)
  File "<frozen importlib._bootstrap_external>", line 728, in exec_module
  File "<frozen importlib._bootstrap>", line 219, in _call_with_frames_removed
  File "/opt/airflow/dags/DAG_DOSM.py", line 4, in <module>
    from pricecatcher import ingest_pricecatcher_data
ModuleNotFoundError: No module named 'pricecatcher'
[2023-03-23T08:36:24.265+0000] {processor.py:755} WARNING - No viable dags retrieved from /opt/airflow/dags/DAG_DOSM.py
[2023-03-23T08:36:24.309+0000] {processor.py:175} INFO - Processing /opt/airflow/dags/DAG_DOSM.py took 0.089 seconds
[2023-03-23T08:36:54.919+0000] {processor.py:153} INFO - Started process (PID=4505) to work on /opt/airflow/dags/DAG_DOSM.py
[2023-03-23T08:36:54.924+0000] {processor.py:743} INFO - Processing file /opt/airflow/dags/DAG_DOSM.py for tasks to queue
[2023-03-23T08:36:54.931+0000] {logging_mixin.py:137} INFO - [2023-03-23T08:36:54.929+0000] {dagbag.py:532} INFO - Filling up the DagBag from /opt/airflow/dags/DAG_DOSM.py
[2023-03-23T08:36:54.991+0000] {logging_mixin.py:137} INFO - [2023-03-23T08:36:54.986+0000] {dagbag.py:341} ERROR - Failed to import: /opt/airflow/dags/DAG_DOSM.py
Traceback (most recent call last):
  File "/home/airflow/.local/lib/python3.7/site-packages/airflow/models/dagbag.py", line 337, in parse
    loader.exec_module(new_module)
  File "<frozen importlib._bootstrap_external>", line 728, in exec_module
  File "<frozen importlib._bootstrap>", line 219, in _call_with_frames_removed
  File "/opt/airflow/dags/DAG_DOSM.py", line 4, in <module>
    from pricecatcher import ingest_pricecatcher_data
ModuleNotFoundError: No module named 'pricecatcher'
[2023-03-23T08:36:54.993+0000] {processor.py:755} WARNING - No viable dags retrieved from /opt/airflow/dags/DAG_DOSM.py
[2023-03-23T08:36:55.040+0000] {processor.py:175} INFO - Processing /opt/airflow/dags/DAG_DOSM.py took 0.126 seconds
[2023-03-23T08:37:25.833+0000] {processor.py:153} INFO - Started process (PID=4555) to work on /opt/airflow/dags/DAG_DOSM.py
[2023-03-23T08:37:25.848+0000] {processor.py:743} INFO - Processing file /opt/airflow/dags/DAG_DOSM.py for tasks to queue
[2023-03-23T08:37:25.849+0000] {logging_mixin.py:137} INFO - [2023-03-23T08:37:25.849+0000] {dagbag.py:532} INFO - Filling up the DagBag from /opt/airflow/dags/DAG_DOSM.py
[2023-03-23T08:37:25.890+0000] {logging_mixin.py:137} INFO - [2023-03-23T08:37:25.884+0000] {dagbag.py:341} ERROR - Failed to import: /opt/airflow/dags/DAG_DOSM.py
Traceback (most recent call last):
  File "/home/airflow/.local/lib/python3.7/site-packages/airflow/models/dagbag.py", line 337, in parse
    loader.exec_module(new_module)
  File "<frozen importlib._bootstrap_external>", line 728, in exec_module
  File "<frozen importlib._bootstrap>", line 219, in _call_with_frames_removed
  File "/opt/airflow/dags/DAG_DOSM.py", line 4, in <module>
    from pricecatcher import ingest_pricecatcher_data
ModuleNotFoundError: No module named 'pricecatcher'
[2023-03-23T08:37:25.892+0000] {processor.py:755} WARNING - No viable dags retrieved from /opt/airflow/dags/DAG_DOSM.py
[2023-03-23T08:37:25.935+0000] {processor.py:175} INFO - Processing /opt/airflow/dags/DAG_DOSM.py took 0.107 seconds
[2023-03-23T08:37:56.377+0000] {processor.py:153} INFO - Started process (PID=4606) to work on /opt/airflow/dags/DAG_DOSM.py
[2023-03-23T08:37:56.926+0000] {processor.py:743} INFO - Processing file /opt/airflow/dags/DAG_DOSM.py for tasks to queue
[2023-03-23T08:37:56.928+0000] {logging_mixin.py:137} INFO - [2023-03-23T08:37:56.928+0000] {dagbag.py:532} INFO - Filling up the DagBag from /opt/airflow/dags/DAG_DOSM.py
[2023-03-23T08:37:57.282+0000] {logging_mixin.py:137} INFO - [2023-03-23T08:37:57.277+0000] {dagbag.py:341} ERROR - Failed to import: /opt/airflow/dags/DAG_DOSM.py
Traceback (most recent call last):
  File "/home/airflow/.local/lib/python3.7/site-packages/airflow/models/dagbag.py", line 337, in parse
    loader.exec_module(new_module)
  File "<frozen importlib._bootstrap_external>", line 728, in exec_module
  File "<frozen importlib._bootstrap>", line 219, in _call_with_frames_removed
  File "/opt/airflow/dags/DAG_DOSM.py", line 4, in <module>
    from pricecatcher import ingest_pricecatcher_data
ModuleNotFoundError: No module named 'pricecatcher'
[2023-03-23T08:37:57.283+0000] {processor.py:755} WARNING - No viable dags retrieved from /opt/airflow/dags/DAG_DOSM.py
[2023-03-23T08:37:57.306+0000] {processor.py:175} INFO - Processing /opt/airflow/dags/DAG_DOSM.py took 0.937 seconds
[2023-03-23T08:38:28.135+0000] {processor.py:153} INFO - Started process (PID=4660) to work on /opt/airflow/dags/DAG_DOSM.py
[2023-03-23T08:38:28.152+0000] {processor.py:743} INFO - Processing file /opt/airflow/dags/DAG_DOSM.py for tasks to queue
[2023-03-23T08:38:28.154+0000] {logging_mixin.py:137} INFO - [2023-03-23T08:38:28.154+0000] {dagbag.py:532} INFO - Filling up the DagBag from /opt/airflow/dags/DAG_DOSM.py
[2023-03-23T08:38:28.203+0000] {logging_mixin.py:137} INFO - [2023-03-23T08:38:28.198+0000] {dagbag.py:341} ERROR - Failed to import: /opt/airflow/dags/DAG_DOSM.py
Traceback (most recent call last):
  File "/home/airflow/.local/lib/python3.7/site-packages/airflow/models/dagbag.py", line 337, in parse
    loader.exec_module(new_module)
  File "<frozen importlib._bootstrap_external>", line 728, in exec_module
  File "<frozen importlib._bootstrap>", line 219, in _call_with_frames_removed
  File "/opt/airflow/dags/DAG_DOSM.py", line 4, in <module>
    from pricecatcher import ingest_pricecatcher_data
ModuleNotFoundError: No module named 'pricecatcher'
[2023-03-23T08:38:28.205+0000] {processor.py:755} WARNING - No viable dags retrieved from /opt/airflow/dags/DAG_DOSM.py
[2023-03-23T08:38:28.785+0000] {processor.py:175} INFO - Processing /opt/airflow/dags/DAG_DOSM.py took 0.654 seconds
[2023-03-23T08:38:59.730+0000] {processor.py:153} INFO - Started process (PID=4713) to work on /opt/airflow/dags/DAG_DOSM.py
[2023-03-23T08:38:59.731+0000] {processor.py:743} INFO - Processing file /opt/airflow/dags/DAG_DOSM.py for tasks to queue
[2023-03-23T08:38:59.732+0000] {logging_mixin.py:137} INFO - [2023-03-23T08:38:59.732+0000] {dagbag.py:532} INFO - Filling up the DagBag from /opt/airflow/dags/DAG_DOSM.py
[2023-03-23T08:38:59.768+0000] {logging_mixin.py:137} INFO - [2023-03-23T08:38:59.762+0000] {dagbag.py:341} ERROR - Failed to import: /opt/airflow/dags/DAG_DOSM.py
Traceback (most recent call last):
  File "/home/airflow/.local/lib/python3.7/site-packages/airflow/models/dagbag.py", line 337, in parse
    loader.exec_module(new_module)
  File "<frozen importlib._bootstrap_external>", line 728, in exec_module
  File "<frozen importlib._bootstrap>", line 219, in _call_with_frames_removed
  File "/opt/airflow/dags/DAG_DOSM.py", line 4, in <module>
    from pricecatcher import ingest_pricecatcher_data
ModuleNotFoundError: No module named 'pricecatcher'
[2023-03-23T08:38:59.769+0000] {processor.py:755} WARNING - No viable dags retrieved from /opt/airflow/dags/DAG_DOSM.py
[2023-03-23T08:38:59.803+0000] {processor.py:175} INFO - Processing /opt/airflow/dags/DAG_DOSM.py took 0.077 seconds
[2023-03-23T08:39:30.078+0000] {processor.py:153} INFO - Started process (PID=4766) to work on /opt/airflow/dags/DAG_DOSM.py
[2023-03-23T08:39:30.080+0000] {processor.py:743} INFO - Processing file /opt/airflow/dags/DAG_DOSM.py for tasks to queue
[2023-03-23T08:39:30.081+0000] {logging_mixin.py:137} INFO - [2023-03-23T08:39:30.081+0000] {dagbag.py:532} INFO - Filling up the DagBag from /opt/airflow/dags/DAG_DOSM.py
[2023-03-23T08:39:30.191+0000] {logging_mixin.py:137} INFO - [2023-03-23T08:39:30.167+0000] {dagbag.py:341} ERROR - Failed to import: /opt/airflow/dags/DAG_DOSM.py
Traceback (most recent call last):
  File "/home/airflow/.local/lib/python3.7/site-packages/airflow/models/dagbag.py", line 337, in parse
    loader.exec_module(new_module)
  File "<frozen importlib._bootstrap_external>", line 728, in exec_module
  File "<frozen importlib._bootstrap>", line 219, in _call_with_frames_removed
  File "/opt/airflow/dags/DAG_DOSM.py", line 4, in <module>
    from pricecatcher import ingest_pricecatcher_data
ModuleNotFoundError: No module named 'pricecatcher'
[2023-03-23T08:39:30.194+0000] {processor.py:755} WARNING - No viable dags retrieved from /opt/airflow/dags/DAG_DOSM.py
[2023-03-23T08:39:30.236+0000] {processor.py:175} INFO - Processing /opt/airflow/dags/DAG_DOSM.py took 0.164 seconds
[2023-03-23T13:07:46.118+0000] {processor.py:153} INFO - Started process (PID=35) to work on /opt/airflow/dags/DAG_DOSM.py
[2023-03-23T13:07:46.137+0000] {processor.py:743} INFO - Processing file /opt/airflow/dags/DAG_DOSM.py for tasks to queue
[2023-03-23T13:07:46.138+0000] {logging_mixin.py:137} INFO - [2023-03-23T13:07:46.138+0000] {dagbag.py:532} INFO - Filling up the DagBag from /opt/airflow/dags/DAG_DOSM.py
[2023-03-23T13:07:46.219+0000] {logging_mixin.py:137} INFO - [2023-03-23T13:07:46.193+0000] {dagbag.py:341} ERROR - Failed to import: /opt/airflow/dags/DAG_DOSM.py
Traceback (most recent call last):
  File "/home/airflow/.local/lib/python3.7/site-packages/airflow/models/dagbag.py", line 337, in parse
    loader.exec_module(new_module)
  File "<frozen importlib._bootstrap_external>", line 728, in exec_module
  File "<frozen importlib._bootstrap>", line 219, in _call_with_frames_removed
  File "/opt/airflow/dags/DAG_DOSM.py", line 4, in <module>
    from pricecatcher import ingest_pricecatcher_data
ModuleNotFoundError: No module named 'pricecatcher'
[2023-03-23T13:07:46.221+0000] {processor.py:755} WARNING - No viable dags retrieved from /opt/airflow/dags/DAG_DOSM.py
[2023-03-23T13:07:46.253+0000] {processor.py:175} INFO - Processing /opt/airflow/dags/DAG_DOSM.py took 0.144 seconds
[2023-03-23T13:08:16.546+0000] {processor.py:153} INFO - Started process (PID=85) to work on /opt/airflow/dags/DAG_DOSM.py
[2023-03-23T13:08:16.547+0000] {processor.py:743} INFO - Processing file /opt/airflow/dags/DAG_DOSM.py for tasks to queue
[2023-03-23T13:08:16.548+0000] {logging_mixin.py:137} INFO - [2023-03-23T13:08:16.548+0000] {dagbag.py:532} INFO - Filling up the DagBag from /opt/airflow/dags/DAG_DOSM.py
[2023-03-23T13:08:16.570+0000] {logging_mixin.py:137} INFO - [2023-03-23T13:08:16.568+0000] {dagbag.py:341} ERROR - Failed to import: /opt/airflow/dags/DAG_DOSM.py
Traceback (most recent call last):
  File "/home/airflow/.local/lib/python3.7/site-packages/airflow/models/dagbag.py", line 337, in parse
    loader.exec_module(new_module)
  File "<frozen importlib._bootstrap_external>", line 728, in exec_module
  File "<frozen importlib._bootstrap>", line 219, in _call_with_frames_removed
  File "/opt/airflow/dags/DAG_DOSM.py", line 4, in <module>
    from pricecatcher import ingest_pricecatcher_data
ModuleNotFoundError: No module named 'pricecatcher'
[2023-03-23T13:08:16.572+0000] {processor.py:755} WARNING - No viable dags retrieved from /opt/airflow/dags/DAG_DOSM.py
[2023-03-23T13:08:16.607+0000] {processor.py:175} INFO - Processing /opt/airflow/dags/DAG_DOSM.py took 0.071 seconds
[2023-03-23T13:08:47.630+0000] {processor.py:153} INFO - Started process (PID=136) to work on /opt/airflow/dags/DAG_DOSM.py
[2023-03-23T13:08:47.632+0000] {processor.py:743} INFO - Processing file /opt/airflow/dags/DAG_DOSM.py for tasks to queue
[2023-03-23T13:08:47.635+0000] {logging_mixin.py:137} INFO - [2023-03-23T13:08:47.635+0000] {dagbag.py:532} INFO - Filling up the DagBag from /opt/airflow/dags/DAG_DOSM.py
[2023-03-23T13:08:47.661+0000] {logging_mixin.py:137} INFO - [2023-03-23T13:08:47.656+0000] {dagbag.py:341} ERROR - Failed to import: /opt/airflow/dags/DAG_DOSM.py
Traceback (most recent call last):
  File "/home/airflow/.local/lib/python3.7/site-packages/airflow/models/dagbag.py", line 337, in parse
    loader.exec_module(new_module)
  File "<frozen importlib._bootstrap_external>", line 728, in exec_module
  File "<frozen importlib._bootstrap>", line 219, in _call_with_frames_removed
  File "/opt/airflow/dags/DAG_DOSM.py", line 4, in <module>
    from pricecatcher import ingest_pricecatcher_data
ModuleNotFoundError: No module named 'pricecatcher'
[2023-03-23T13:08:47.663+0000] {processor.py:755} WARNING - No viable dags retrieved from /opt/airflow/dags/DAG_DOSM.py
[2023-03-23T13:08:47.694+0000] {processor.py:175} INFO - Processing /opt/airflow/dags/DAG_DOSM.py took 0.067 seconds
